2026-06-09 16:37:15,209 INFO o.a.j.u.JMeterUtils: Setting Locale to en_EN
2026-06-09 16:37:15,250 INFO o.a.j.JMeter: Loading user properties from: E:\daima\apache-jmeter-5.6.3\apache-jmeter-5.6.3\bin\user.properties
2026-06-09 16:37:15,252 INFO o.a.j.JMeter: Loading system properties from: E:\daima\apache-jmeter-5.6.3\apache-jmeter-5.6.3\bin\system.properties
2026-06-09 16:37:15,265 INFO o.a.j.JMeter: Copyright (c) 1998-2024 The Apache Software Foundation
2026-06-09 16:37:15,265 INFO o.a.j.JMeter: Version 5.6.3
2026-06-09 16:37:15,266 INFO o.a.j.JMeter: java.version=21.0.5
2026-06-09 16:37:15,266 INFO o.a.j.JMeter: java.vm.name=OpenJDK 64-Bit Server VM
2026-06-09 16:37:15,266 INFO o.a.j.JMeter: os.name=Windows 11
2026-06-09 16:37:15,266 INFO o.a.j.JMeter: os.arch=amd64
2026-06-09 16:37:15,266 INFO o.a.j.JMeter: os.version=10.0
2026-06-09 16:37:15,266 INFO o.a.j.JMeter: file.encoding=UTF-8
2026-06-09 16:37:15,267 INFO o.a.j.JMeter: java.awt.headless=null
2026-06-09 16:37:15,267 INFO o.a.j.JMeter: Max memory     =1073741824
2026-06-09 16:37:15,267 INFO o.a.j.JMeter: Available Processors =32
2026-06-09 16:37:15,293 INFO o.a.j.JMeter: Default Locale=English (EN)
2026-06-09 16:37:15,293 INFO o.a.j.JMeter: JMeter  Locale=English (EN)
2026-06-09 16:37:15,293 INFO o.a.j.JMeter: JMeterHome=E:\daima\apache-jmeter-5.6.3\apache-jmeter-5.6.3
2026-06-09 16:37:15,293 INFO o.a.j.JMeter: user.dir  =E:\daima\ceweidzy\Online-Boutique-Add
2026-06-09 16:37:15,294 INFO o.a.j.JMeter: PWD       =E:\daima\ceweidzy\Online-Boutique-Add
2026-06-09 16:37:15,297 INFO o.a.j.JMeter: IP: 10.130.5.215 Name: fufu FullName: fufu
